<?xml version="1.0" encoding="UTF-8"?>
<!-- Generated by org.testng.reporters.JUnitReportReporter -->
<testsuite hostname="brahma-PC" failures="0" tests="1" name="MyTests.LaptopTest2" time="0.012" errors="0" timestamp="28 Jan 2022 18:06:06 GMT">
  <testcase classname="MyTests.LaptopTest2" name="testA" time="0.012"/>
</testsuite> <!-- MyTests.LaptopTest2 -->
