<?xml version="1.0" encoding="UTF-8"?>
<!-- Generated by org.testng.reporters.JUnitReportReporter -->
<testsuite hostname="brahma-PC" failures="0" tests="1" name="MyTests.LaptopTest" time="0.011" errors="0" timestamp="26 Jan 2022 20:52:40 GMT">
  <testcase classname="MyTests.LaptopTest" name="testA" time="0.011"/>
</testsuite> <!-- MyTests.LaptopTest -->
