<?xml version="1.0" encoding="UTF-8"?>
<!-- Generated by org.testng.reporters.JUnitReportReporter -->
<testsuite hostname="brahma-PC" failures="0" tests="1" name="MyTests.AndroidTest" time="0.000" errors="0" timestamp="28 Jan 2022 18:06:06 GMT">
  <testcase classname="MyTests.AndroidTest" name="testA" time="0.000"/>
</testsuite> <!-- MyTests.AndroidTest -->
